# JRE version: Java(TM) SE Runtime Environment (8.0_121-b13) (build 1.8.0_121-b13)
# Java VM: Java HotSpot(TM) 64-Bit Server VM (25.121-b13 mixed mode linux-amd64 compressed oops)
Heap:
 PSYoungGen      total 931840K, used 0K [0x000000076ab00000, 0x00000007c0000000, 0x00000007c0000000)
  eden space 465920K, 0% used [0x000000076ab00000,0x000000076ab00000,0x0000000787200000)
  from space 465920K, 0% used [0x0000000787200000,0x0000000787200000,0x00000007a3900000)
  to   space 465920K, 0% used [0x00000007a3900000,0x00000007a3900000,0x00000007c0000000)
 ParOldGen       total 1791488K, used 1772562K [0x00000006c0000000, 0x000000072d580000, 0x000000076ab00000)
  object space 1791488K, 98% used [0x00000006c0000000,0x000000072c304b78,0x000000072d580000)
 Metaspace       used 12776K, capacity 13276K, committed 13568K, reserved 1060864K
  class space    used 1351K, capacity 1482K, committed 1536K, reserved 1048576K
GC Heap History (10 events):
Event: 94.254 GC heap after
Heap after GC invocations=55 (full 8):
 PSYoungGen      total 931840K, used 36880K [0x000000076ab00000, 0x00000007c0000000, 0x00000007c0000000)
  eden space 465920K, 0% used [0x000000076ab00000,0x000000076ab00000,0x0000000787200000)
  from space 465920K, 7% used [0x0000000787200000,0x00000007896042e8,0x00000007a3900000)
  to   space 465920K, 0% used [0x00000007a3900000,0x00000007a3900000,0x00000007c0000000)
 ParOldGen       total 1791488K, used 1432623K [0x00000006c0000000, 0x000000072d580000, 0x000000076ab00000)
  object space 1791488K, 79% used [0x00000006c0000000,0x000000071770bd38,0x000000072d580000)
 Metaspace       used 12764K, capacity 13268K, committed 13568K, reserved 1060864K
  class space    used 1351K, capacity 1482K, committed 1536K, reserved 1048576K
}
Event: 95.397 GC heap before
{Heap before GC invocations=56 (full 8):
 PSYoungGen      total 931840K, used 502800K [0x000000076ab00000, 0x00000007c0000000, 0x00000007c0000000)
  eden space 465920K, 100% used [0x000000076ab00000,0x0000000787200000,0x0000000787200000)
  from space 465920K, 7% used [0x0000000787200000,0x00000007896042e8,0x00000007a3900000)
  to   space 465920K, 0% used [0x00000007a3900000,0x00000007a3900000,0x00000007c0000000)
 ParOldGen       total 1791488K, used 1432623K [0x00000006c0000000, 0x000000072d580000, 0x000000076ab00000)
  object space 1791488K, 79% used [0x00000006c0000000,0x000000071770bd38,0x000000072d580000)
 Metaspace       used 12771K, capacity 13276K, committed 13568K, reserved 1060864K
  class space    used 1351K, capacity 1482K, committed 1536K, reserved 1048576K
Event: 96.537 GC heap after
Heap after GC invocations=56 (full 8):
 PSYoungGen      total 931840K, used 81952K [0x000000076ab00000, 0x00000007c0000000, 0x00000007c0000000)
  eden space 465920K, 0% used [0x000000076ab00000,0x000000076ab00000,0x0000000787200000)
  from space 465920K, 17% used [0x00000007a3900000,0x00000007a8908000,0x00000007c0000000)
  to   space 465920K, 0% used [0x0000000787200000,0x0000000787200000,0x00000007a3900000)
 ParOldGen       total 1791488K, used 1469679K [0x00000006c0000000, 0x000000072d580000, 0x000000076ab00000)
  object space 1791488K, 82% used [0x00000006c0000000,0x0000000719b3bd78,0x000000072d580000)
 Metaspace       used 12771K, capacity 13276K, committed 13568K, reserved 1060864K
  class space    used 1351K, capacity 1482K, committed 1536K, reserved 1048576K
}
Event: 97.343 GC heap before
{Heap before GC invocations=57 (full 8):
 PSYoungGen      total 931840K, used 547872K [0x000000076ab00000, 0x00000007c0000000, 0x00000007c0000000)
  eden space 465920K, 100% used [0x000000076ab00000,0x0000000787200000,0x0000000787200000)
  from space 465920K, 17% used [0x00000007a3900000,0x00000007a8908000,0x00000007c0000000)
  to   space 465920K, 0% used [0x0000000787200000,0x0000000787200000,0x00000007a3900000)
 ParOldGen       total 1791488K, used 1469679K [0x00000006c0000000, 0x000000072d580000, 0x000000076ab00000)
  object space 1791488K, 82% used [0x00000006c0000000,0x0000000719b3bd78,0x000000072d580000)
 Metaspace       used 12773K, capacity 13276K, committed 13568K, reserved 1060864K
  class space    used 1351K, capacity 1482K, committed 1536K, reserved 1048576K
Event: 105.666 GC heap after
Heap after GC invocations=57 (full 8):
 PSYoungGen      total 931840K, used 75360K [0x000000076ab00000, 0x00000007c0000000, 0x00000007c0000000)
  eden space 465920K, 0% used [0x000000076ab00000,0x000000076ab00000,0x0000000787200000)
  from space 465920K, 16% used [0x0000000787200000,0x000000078bb98010,0x00000007a3900000)
  to   space 465920K, 0% used [0x00000007a3900000,0x00000007a3900000,0x00000007c0000000)
 ParOldGen       total 1791488K, used 1551743K [0x00000006c0000000, 0x000000072d580000, 0x000000076ab00000)
  object space 1791488K, 86% used [0x00000006c0000000,0x000000071eb5fdc8,0x000000072d580000)
 Metaspace       used 12773K, capacity 13276K, committed 13568K, reserved 1060864K
  class space    used 1351K, capacity 1482K, committed 1536K, reserved 1048576K
}
Event: 106.100 GC heap before
{Heap before GC invocations=58 (full 8):
 PSYoungGen      total 931840K, used 541280K [0x000000076ab00000, 0x00000007c0000000, 0x00000007c0000000)
  eden space 465920K, 100% used [0x000000076ab00000,0x0000000787200000,0x0000000787200000)
  from space 465920K, 16% used [0x0000000787200000,0x000000078bb98010,0x00000007a3900000)
  to   space 465920K, 0% used [0x00000007a3900000,0x00000007a3900000,0x00000007c0000000)
 ParOldGen       total 1791488K, used 1551743K [0x00000006c0000000, 0x000000072d580000, 0x000000076ab00000)
  object space 1791488K, 86% used [0x00000006c0000000,0x000000071eb5fdc8,0x000000072d580000)
 Metaspace       used 12776K, capacity 13276K, committed 13568K, reserved 1060864K
  class space    used 1351K, capacity 1482K, committed 1536K, reserved 1048576K
Event: 112.006 GC heap after
Heap after GC invocations=58 (full 8):
 PSYoungGen      total 931840K, used 78368K [0x000000076ab00000, 0x00000007c0000000, 0x00000007c0000000)
  eden space 465920K, 0% used [0x000000076ab00000,0x000000076ab00000,0x0000000787200000)
  from space 465920K, 16% used [0x00000007a3900000,0x00000007a8588010,0x00000007c0000000)
  to   space 465920K, 0% used [0x0000000787200000,0x0000000787200000,0x00000007a3900000)
 ParOldGen       total 1791488K, used 1627111K [0x00000006c0000000, 0x000000072d580000, 0x000000076ab00000)
  object space 1791488K, 90% used [0x00000006c0000000,0x00000007234f9e18,0x000000072d580000)
 Metaspace       used 12776K, capacity 13276K, committed 13568K, reserved 1060864K
  class space    used 1351K, capacity 1482K, committed 1536K, reserved 1048576K
}
Event: 112.788 GC heap before
{Heap before GC invocations=59 (full 8):
 PSYoungGen      total 931840K, used 544288K [0x000000076ab00000, 0x00000007c0000000, 0x00000007c0000000)
  eden space 465920K, 100% used [0x000000076ab00000,0x0000000787200000,0x0000000787200000)
  from space 465920K, 16% used [0x00000007a3900000,0x00000007a8588010,0x00000007c0000000)
  to   space 465920K, 0% used [0x0000000787200000,0x0000000787200000,0x00000007a3900000)
 ParOldGen       total 1791488K, used 1627111K [0x00000006c0000000, 0x000000072d580000, 0x000000076ab00000)
  object space 1791488K, 90% used [0x00000006c0000000,0x00000007234f9e18,0x000000072d580000)
 Metaspace       used 12776K, capacity 13276K, committed 13568K, reserved 1060864K
  class space    used 1351K, capacity 1482K, committed 1536K, reserved 1048576K
Event: 116.811 GC heap after
Heap after GC invocations=59 (full 8):
 PSYoungGen      total 931840K, used 68480K [0x000000076ab00000, 0x00000007c0000000, 0x00000007c0000000)
  eden space 465920K, 0% used [0x000000076ab00000,0x000000076ab00000,0x0000000787200000)
  from space 465920K, 14% used [0x0000000787200000,0x000000078b4e0000,0x00000007a3900000)
  to   space 465920K, 0% used [0x00000007a3900000,0x00000007a3900000,0x00000007c0000000)
 ParOldGen       total 1791488K, used 1705559K [0x00000006c0000000, 0x000000072d580000, 0x000000076ab00000)
  object space 1791488K, 95% used [0x00000006c0000000,0x0000000728195e58,0x000000072d580000)
 Metaspace       used 12776K, capacity 13276K, committed 13568K, reserved 1060864K
  class space    used 1351K, capacity 1482K, committed 1536K, reserved 1048576K
}
Event: 116.811 GC heap before
{Heap before GC invocations=60 (full 9):
 PSYoungGen      total 931840K, used 68480K [0x000000076ab00000, 0x00000007c0000000, 0x00000007c0000000)
  eden space 465920K, 0% used [0x000000076ab00000,0x000000076ab00000,0x0000000787200000)
  from space 465920K, 14% used [0x0000000787200000,0x000000078b4e0000,0x00000007a3900000)
  to   space 465920K, 0% used [0x00000007a3900000,0x00000007a3900000,0x00000007c0000000)
 ParOldGen       total 1791488K, used 1705559K [0x00000006c0000000, 0x000000072d580000, 0x000000076ab00000)
  object space 1791488K, 95% used [0x00000006c0000000,0x0000000728195e58,0x000000072d580000)
 Metaspace       used 12776K, capacity 13276K, committed 13568K, reserved 1060864K
  class space    used 1351K, capacity 1482K, committed 1536K, reserved 1048576K

