# JRE version: Java(TM) SE Runtime Environment (8.0_121-b13) (build 1.8.0_121-b13)
# Java VM: Java HotSpot(TM) 64-Bit Server VM (25.121-b13 mixed mode linux-amd64 compressed oops)
Heap:
 PSYoungGen      total 922624K, used 0K [0x000000076ab00000, 0x00000007ba680000, 0x00000007c0000000)
  eden space 547328K, 0% used [0x000000076ab00000,0x000000076ab00000,0x000000078c180000)
  from space 375296K, 0% used [0x00000007a3800000,0x00000007a3800000,0x00000007ba680000)
  to   space 379392K, 0% used [0x000000078c180000,0x000000078c180000,0x00000007a3400000)
 ParOldGen       total 2033152K, used 2018511K [0x00000006c0000000, 0x000000073c180000, 0x000000076ab00000)
  object space 2033152K, 99% used [0x00000006c0000000,0x000000073b333df0,0x000000073c180000)
 Metaspace       used 12798K, capacity 13268K, committed 13568K, reserved 1060864K
  class space    used 1352K, capacity 1482K, committed 1536K, reserved 1048576K
GC Heap History (10 events):
Event: 151.029 GC heap after
Heap after GC invocations=71 (full 9):
 PSYoungGen      total 822272K, used 34076K [0x000000076ab00000, 0x00000007b6200000, 0x00000007c0000000)
  eden space 443392K, 0% used [0x000000076ab00000,0x000000076ab00000,0x0000000785c00000)
  from space 378880K, 8% used [0x000000079d780000,0x000000079f8c7000,0x00000007b4980000)
  to   space 388608K, 0% used [0x0000000785c00000,0x0000000785c00000,0x000000079d780000)
 ParOldGen       total 2033152K, used 1668619K [0x00000006c0000000, 0x000000073c180000, 0x000000076ab00000)
  object space 2033152K, 82% used [0x00000006c0000000,0x0000000725d82f18,0x000000073c180000)
 Metaspace       used 12796K, capacity 13268K, committed 13568K, reserved 1060864K
  class space    used 1352K, capacity 1482K, committed 1536K, reserved 1048576K
}
Event: 154.377 GC heap before
{Heap before GC invocations=72 (full 9):
 PSYoungGen      total 822272K, used 477468K [0x000000076ab00000, 0x00000007b6200000, 0x00000007c0000000)
  eden space 443392K, 100% used [0x000000076ab00000,0x0000000785c00000,0x0000000785c00000)
  from space 378880K, 8% used [0x000000079d780000,0x000000079f8c7000,0x00000007b4980000)
  to   space 388608K, 0% used [0x0000000785c00000,0x0000000785c00000,0x000000079d780000)
 ParOldGen       total 2033152K, used 1668619K [0x00000006c0000000, 0x000000073c180000, 0x000000076ab00000)
  object space 2033152K, 82% used [0x00000006c0000000,0x0000000725d82f18,0x000000073c180000)
 Metaspace       used 12796K, capacity 13268K, committed 13568K, reserved 1060864K
  class space    used 1352K, capacity 1482K, committed 1536K, reserved 1048576K
Event: 156.822 GC heap after
Heap after GC invocations=72 (full 9):
 PSYoungGen      total 832000K, used 68000K [0x000000076ab00000, 0x00000007b8d00000, 0x00000007c0000000)
  eden space 443392K, 0% used [0x000000076ab00000,0x000000076ab00000,0x0000000785c00000)
  from space 388608K, 17% used [0x0000000785c00000,0x0000000789e68000,0x000000079d780000)
  to   space 393216K, 0% used [0x00000007a0d00000,0x00000007a0d00000,0x00000007b8d00000)
 ParOldGen       total 2033152K, used 1702851K [0x00000006c0000000, 0x000000073c180000, 0x000000076ab00000)
  object space 2033152K, 83% used [0x00000006c0000000,0x0000000727ef0f18,0x000000073c180000)
 Metaspace       used 12796K, capacity 13268K, committed 13568K, reserved 1060864K
  class space    used 1352K, capacity 1482K, committed 1536K, reserved 1048576K
}
Event: 159.070 GC heap before
{Heap before GC invocations=73 (full 9):
 PSYoungGen      total 832000K, used 511392K [0x000000076ab00000, 0x00000007b8d00000, 0x00000007c0000000)
  eden space 443392K, 100% used [0x000000076ab00000,0x0000000785c00000,0x0000000785c00000)
  from space 388608K, 17% used [0x0000000785c00000,0x0000000789e68000,0x000000079d780000)
  to   space 393216K, 0% used [0x00000007a0d00000,0x00000007a0d00000,0x00000007b8d00000)
 ParOldGen       total 2033152K, used 1702851K [0x00000006c0000000, 0x000000073c180000, 0x000000076ab00000)
  object space 2033152K, 83% used [0x00000006c0000000,0x0000000727ef0f18,0x000000073c180000)
 Metaspace       used 12798K, capacity 13268K, committed 13568K, reserved 1060864K
  class space    used 1352K, capacity 1482K, committed 1536K, reserved 1048576K
Event: 159.422 GC heap after
Heap after GC invocations=73 (full 9):
 PSYoungGen      total 871424K, used 87120K [0x000000076ab00000, 0x00000007b8280000, 0x00000007c0000000)
  eden space 488960K, 0% used [0x000000076ab00000,0x000000076ab00000,0x0000000788880000)
  from space 382464K, 22% used [0x00000007a0d00000,0x00000007a6214010,0x00000007b8280000)
  to   space 390144K, 0% used [0x0000000788880000,0x0000000788880000,0x00000007a0580000)
 ParOldGen       total 2033152K, used 1771023K [0x00000006c0000000, 0x000000073c180000, 0x000000076ab00000)
  object space 2033152K, 87% used [0x00000006c0000000,0x000000072c183f78,0x000000073c180000)
 Metaspace       used 12798K, capacity 13268K, committed 13568K, reserved 1060864K
  class space    used 1352K, capacity 1482K, committed 1536K, reserved 1048576K
}
Event: 160.326 GC heap before
{Heap before GC invocations=74 (full 9):
 PSYoungGen      total 871424K, used 576080K [0x000000076ab00000, 0x00000007b8280000, 0x00000007c0000000)
  eden space 488960K, 100% used [0x000000076ab00000,0x0000000788880000,0x0000000788880000)
  from space 382464K, 22% used [0x00000007a0d00000,0x00000007a6214010,0x00000007b8280000)
  to   space 390144K, 0% used [0x0000000788880000,0x0000000788880000,0x00000007a0580000)
 ParOldGen       total 2033152K, used 1771023K [0x00000006c0000000, 0x000000073c180000, 0x000000076ab00000)
  object space 2033152K, 87% used [0x00000006c0000000,0x000000072c183f78,0x000000073c180000)
 Metaspace       used 12798K, capacity 13268K, committed 13568K, reserved 1060864K
  class space    used 1352K, capacity 1482K, committed 1536K, reserved 1048576K
Event: 165.450 GC heap after
Heap after GC invocations=74 (full 9):
 PSYoungGen      total 879104K, used 77408K [0x000000076ab00000, 0x00000007bb180000, 0x00000007c0000000)
  eden space 488960K, 0% used [0x000000076ab00000,0x000000076ab00000,0x0000000788880000)
  from space 390144K, 19% used [0x0000000788880000,0x000000078d418000,0x00000007a0580000)
  to   space 386560K, 0% used [0x00000007a3800000,0x00000007a3800000,0x00000007bb180000)
 ParOldGen       total 2033152K, used 1858383K [0x00000006c0000000, 0x000000073c180000, 0x000000076ab00000)
  object space 2033152K, 91% used [0x00000006c0000000,0x00000007316d3fa8,0x000000073c180000)
 Metaspace       used 12798K, capacity 13268K, committed 13568K, reserved 1060864K
  class space    used 1352K, capacity 1482K, committed 1536K, reserved 1048576K
}
Event: 166.720 GC heap before
{Heap before GC invocations=75 (full 9):
 PSYoungGen      total 879104K, used 566368K [0x000000076ab00000, 0x00000007bb180000, 0x00000007c0000000)
  eden space 488960K, 100% used [0x000000076ab00000,0x0000000788880000,0x0000000788880000)
  from space 390144K, 19% used [0x0000000788880000,0x000000078d418000,0x00000007a0580000)
  to   space 386560K, 0% used [0x00000007a3800000,0x00000007a3800000,0x00000007bb180000)
 ParOldGen       total 2033152K, used 1858383K [0x00000006c0000000, 0x000000073c180000, 0x000000076ab00000)
  object space 2033152K, 91% used [0x00000006c0000000,0x00000007316d3fa8,0x000000073c180000)
 Metaspace       used 12798K, capacity 13268K, committed 13568K, reserved 1060864K
  class space    used 1352K, capacity 1482K, committed 1536K, reserved 1048576K
Event: 171.041 GC heap after
Heap after GC invocations=75 (full 9):
 PSYoungGen      total 922624K, used 83968K [0x000000076ab00000, 0x00000007ba680000, 0x00000007c0000000)
  eden space 547328K, 0% used [0x000000076ab00000,0x000000076ab00000,0x000000078c180000)
  from space 375296K, 22% used [0x00000007a3800000,0x00000007a8a00000,0x00000007ba680000)
  to   space 379392K, 0% used [0x000000078c180000,0x000000078c180000,0x00000007a3400000)
 ParOldGen       total 2033152K, used 1935996K [0x00000006c0000000, 0x000000073c180000, 0x000000076ab00000)
  object space 2033152K, 95% used [0x00000006c0000000,0x000000073629f008,0x000000073c180000)
 Metaspace       used 12798K, capacity 13268K, committed 13568K, reserved 1060864K
  class space    used 1352K, capacity 1482K, committed 1536K, reserved 1048576K
}
Event: 171.041 GC heap before
{Heap before GC invocations=76 (full 10):
 PSYoungGen      total 922624K, used 83968K [0x000000076ab00000, 0x00000007ba680000, 0x00000007c0000000)
  eden space 547328K, 0% used [0x000000076ab00000,0x000000076ab00000,0x000000078c180000)
  from space 375296K, 22% used [0x00000007a3800000,0x00000007a8a00000,0x00000007ba680000)
  to   space 379392K, 0% used [0x000000078c180000,0x000000078c180000,0x00000007a3400000)
 ParOldGen       total 2033152K, used 1935996K [0x00000006c0000000, 0x000000073c180000, 0x000000076ab00000)
  object space 2033152K, 95% used [0x00000006c0000000,0x000000073629f008,0x000000073c180000)
 Metaspace       used 12798K, capacity 13268K, committed 13568K, reserved 1060864K
  class space    used 1352K, capacity 1482K, committed 1536K, reserved 1048576K

