# JRE version: Java(TM) SE Runtime Environment (8.0_121-b13) (build 1.8.0_121-b13)
# Java VM: Java HotSpot(TM) 64-Bit Server VM (25.121-b13 mixed mode linux-amd64 compressed oops)
Heap:
 PSYoungGen      total 931840K, used 2054K [0x000000076ab00000, 0x00000007c0000000, 0x00000007c0000000)
  eden space 465920K, 0% used [0x000000076ab00000,0x000000076ab00000,0x0000000787200000)
  from space 465920K, 0% used [0x00000007a3900000,0x00000007a3b018e0,0x00000007c0000000)
  to   space 465920K, 0% used [0x0000000787200000,0x0000000787200000,0x00000007a3900000)
 ParOldGen       total 1667072K, used 1666572K [0x00000006c0000000, 0x0000000725c00000, 0x000000076ab00000)
  object space 1667072K, 99% used [0x00000006c0000000,0x0000000725b833d8,0x0000000725c00000)
 Metaspace       used 12793K, capacity 13268K, committed 13568K, reserved 1060864K
  class space    used 1352K, capacity 1482K, committed 1536K, reserved 1048576K
GC Heap History (10 events):
Event: 109.413 GC heap after
Heap after GC invocations=54 (full 8):
 PSYoungGen      total 931840K, used 49307K [0x000000076ab00000, 0x00000007c0000000, 0x00000007c0000000)
  eden space 465920K, 0% used [0x000000076ab00000,0x000000076ab00000,0x0000000787200000)
  from space 465920K, 10% used [0x00000007a3900000,0x00000007a6926fb8,0x00000007c0000000)
  to   space 465920K, 0% used [0x0000000787200000,0x0000000787200000,0x00000007a3900000)
 ParOldGen       total 1667072K, used 1336467K [0x00000006c0000000, 0x0000000725c00000, 0x000000076ab00000)
  object space 1667072K, 80% used [0x00000006c0000000,0x0000000711924f18,0x0000000725c00000)
 Metaspace       used 12788K, capacity 13268K, committed 13568K, reserved 1060864K
  class space    used 1352K, capacity 1482K, committed 1536K, reserved 1048576K
}
Event: 116.050 GC heap before
{Heap before GC invocations=55 (full 8):
 PSYoungGen      total 931840K, used 515227K [0x000000076ab00000, 0x00000007c0000000, 0x00000007c0000000)
  eden space 465920K, 100% used [0x000000076ab00000,0x0000000787200000,0x0000000787200000)
  from space 465920K, 10% used [0x00000007a3900000,0x00000007a6926fb8,0x00000007c0000000)
  to   space 465920K, 0% used [0x0000000787200000,0x0000000787200000,0x00000007a3900000)
 ParOldGen       total 1667072K, used 1336467K [0x00000006c0000000, 0x0000000725c00000, 0x000000076ab00000)
  object space 1667072K, 80% used [0x00000006c0000000,0x0000000711924f18,0x0000000725c00000)
 Metaspace       used 12788K, capacity 13268K, committed 13568K, reserved 1060864K
  class space    used 1352K, capacity 1482K, committed 1536K, reserved 1048576K
Event: 117.362 GC heap after
Heap after GC invocations=55 (full 8):
 PSYoungGen      total 931840K, used 60352K [0x000000076ab00000, 0x00000007c0000000, 0x00000007c0000000)
  eden space 465920K, 0% used [0x000000076ab00000,0x000000076ab00000,0x0000000787200000)
  from space 465920K, 12% used [0x0000000787200000,0x000000078acf0000,0x00000007a3900000)
  to   space 465920K, 0% used [0x00000007a3900000,0x00000007a3900000,0x00000007c0000000)
 ParOldGen       total 1667072K, used 1386027K [0x00000006c0000000, 0x0000000725c00000, 0x000000076ab00000)
  object space 1667072K, 83% used [0x00000006c0000000,0x000000071498af18,0x0000000725c00000)
 Metaspace       used 12788K, capacity 13268K, committed 13568K, reserved 1060864K
  class space    used 1352K, capacity 1482K, committed 1536K, reserved 1048576K
}
Event: 117.770 GC heap before
{Heap before GC invocations=56 (full 8):
 PSYoungGen      total 931840K, used 526272K [0x000000076ab00000, 0x00000007c0000000, 0x00000007c0000000)
  eden space 465920K, 100% used [0x000000076ab00000,0x0000000787200000,0x0000000787200000)
  from space 465920K, 12% used [0x0000000787200000,0x000000078acf0000,0x00000007a3900000)
  to   space 465920K, 0% used [0x00000007a3900000,0x00000007a3900000,0x00000007c0000000)
 ParOldGen       total 1667072K, used 1386027K [0x00000006c0000000, 0x0000000725c00000, 0x000000076ab00000)
  object space 1667072K, 83% used [0x00000006c0000000,0x000000071498af18,0x0000000725c00000)
 Metaspace       used 12790K, capacity 13268K, committed 13568K, reserved 1060864K
  class space    used 1352K, capacity 1482K, committed 1536K, reserved 1048576K
Event: 122.674 GC heap after
Heap after GC invocations=56 (full 8):
 PSYoungGen      total 931840K, used 72224K [0x000000076ab00000, 0x00000007c0000000, 0x00000007c0000000)
  eden space 465920K, 0% used [0x000000076ab00000,0x000000076ab00000,0x0000000787200000)
  from space 465920K, 15% used [0x00000007a3900000,0x00000007a7f88000,0x00000007c0000000)
  to   space 465920K, 0% used [0x0000000787200000,0x0000000787200000,0x00000007a3900000)
 ParOldGen       total 1667072K, used 1446499K [0x00000006c0000000, 0x0000000725c00000, 0x000000076ab00000)
  object space 1667072K, 86% used [0x00000006c0000000,0x0000000718498f68,0x0000000725c00000)
 Metaspace       used 12790K, capacity 13268K, committed 13568K, reserved 1060864K
  class space    used 1352K, capacity 1482K, committed 1536K, reserved 1048576K
}
Event: 123.288 GC heap before
{Heap before GC invocations=57 (full 8):
 PSYoungGen      total 931840K, used 538144K [0x000000076ab00000, 0x00000007c0000000, 0x00000007c0000000)
  eden space 465920K, 100% used [0x000000076ab00000,0x0000000787200000,0x0000000787200000)
  from space 465920K, 15% used [0x00000007a3900000,0x00000007a7f88000,0x00000007c0000000)
  to   space 465920K, 0% used [0x0000000787200000,0x0000000787200000,0x00000007a3900000)
 ParOldGen       total 1667072K, used 1446499K [0x00000006c0000000, 0x0000000725c00000, 0x000000076ab00000)
  object space 1667072K, 86% used [0x00000006c0000000,0x0000000718498f68,0x0000000725c00000)
 Metaspace       used 12793K, capacity 13268K, committed 13568K, reserved 1060864K
  class space    used 1352K, capacity 1482K, committed 1536K, reserved 1048576K
Event: 129.755 GC heap after
Heap after GC invocations=57 (full 8):
 PSYoungGen      total 931840K, used 82736K [0x000000076ab00000, 0x00000007c0000000, 0x00000007c0000000)
  eden space 465920K, 0% used [0x000000076ab00000,0x000000076ab00000,0x0000000787200000)
  from space 465920K, 17% used [0x0000000787200000,0x000000078c2cc010,0x00000007a3900000)
  to   space 465920K, 0% used [0x00000007a3900000,0x00000007a3900000,0x00000007c0000000)
 ParOldGen       total 1667072K, used 1518751K [0x00000006c0000000, 0x0000000725c00000, 0x000000076ab00000)
  object space 1667072K, 91% used [0x00000006c0000000,0x000000071cb27fa8,0x0000000725c00000)
 Metaspace       used 12793K, capacity 13268K, committed 13568K, reserved 1060864K
  class space    used 1352K, capacity 1482K, committed 1536K, reserved 1048576K
}
Event: 130.402 GC heap before
{Heap before GC invocations=58 (full 8):
 PSYoungGen      total 931840K, used 548656K [0x000000076ab00000, 0x00000007c0000000, 0x00000007c0000000)
  eden space 465920K, 100% used [0x000000076ab00000,0x0000000787200000,0x0000000787200000)
  from space 465920K, 17% used [0x0000000787200000,0x000000078c2cc010,0x00000007a3900000)
  to   space 465920K, 0% used [0x00000007a3900000,0x00000007a3900000,0x00000007c0000000)
 ParOldGen       total 1667072K, used 1518751K [0x00000006c0000000, 0x0000000725c00000, 0x000000076ab00000)
  object space 1667072K, 91% used [0x00000006c0000000,0x000000071cb27fa8,0x0000000725c00000)
 Metaspace       used 12793K, capacity 13268K, committed 13568K, reserved 1060864K
  class space    used 1352K, capacity 1482K, committed 1536K, reserved 1048576K
Event: 137.637 GC heap after
Heap after GC invocations=58 (full 8):
 PSYoungGen      total 931840K, used 68640K [0x000000076ab00000, 0x00000007c0000000, 0x00000007c0000000)
  eden space 465920K, 0% used [0x000000076ab00000,0x000000076ab00000,0x0000000787200000)
  from space 465920K, 14% used [0x00000007a3900000,0x00000007a7c08010,0x00000007c0000000)
  to   space 465920K, 0% used [0x0000000787200000,0x0000000787200000,0x00000007a3900000)
 ParOldGen       total 1667072K, used 1601559K [0x00000006c0000000, 0x0000000725c00000, 0x000000076ab00000)
  object space 1667072K, 96% used [0x00000006c0000000,0x0000000721c05ff8,0x0000000725c00000)
 Metaspace       used 12793K, capacity 13268K, committed 13568K, reserved 1060864K
  class space    used 1352K, capacity 1482K, committed 1536K, reserved 1048576K
}
Event: 137.637 GC heap before
{Heap before GC invocations=59 (full 9):
 PSYoungGen      total 931840K, used 68640K [0x000000076ab00000, 0x00000007c0000000, 0x00000007c0000000)
  eden space 465920K, 0% used [0x000000076ab00000,0x000000076ab00000,0x0000000787200000)
  from space 465920K, 14% used [0x00000007a3900000,0x00000007a7c08010,0x00000007c0000000)
  to   space 465920K, 0% used [0x0000000787200000,0x0000000787200000,0x00000007a3900000)
 ParOldGen       total 1667072K, used 1601559K [0x00000006c0000000, 0x0000000725c00000, 0x000000076ab00000)
  object space 1667072K, 96% used [0x00000006c0000000,0x0000000721c05ff8,0x0000000725c00000)
 Metaspace       used 12793K, capacity 13268K, committed 13568K, reserved 1060864K
  class space    used 1352K, capacity 1482K, committed 1536K, reserved 1048576K

